[04Jan2025 00:01:56.117] [Server thread/INFO] [net.minecraft.server.network.ServerLoginPacketListenerImpl/]: com.mojang.authlib.GameProfile@6c857385[id=<null>,name=DAIRA_3,properties={},legacy=false] (/127.22.222.167:46289) lost connection: Disconnected
[04Jan2025 00:02:10.666] [Server thread/INFO] [net.minecraft.server.network.ServerLoginPacketListenerImpl/]: com.mojang.authlib.GameProfile@6fb53bd9[id=<null>,name=DAIRA_3,properties={},legacy=false] (/127.22.222.167:52419) lost connection: Disconnected
[04Jan2025 00:03:37.605] [Server thread/WARN] [net.minecraft.server.MinecraftServer/]: Can't keep up! Is the server overloaded? Running 2011ms or 40 ticks behind
[04Jan2025 00:03:59.172] [Server thread/WARN] [net.minecraft.server.level.ServerPlayerGameMode/]: Mismatch in destroy block pos: BlockPos{x=-452, y=-35, z=224} BlockPos{x=-453, y=-35, z=225}
[04Jan2025 00:04:09.833] [Server thread/WARN] [net.minecraft.server.level.ServerPlayerGameMode/]: Mismatch in destroy block pos: BlockPos{x=-462, y=-37, z=220} BlockPos{x=-462, y=-38, z=219}
[04Jan2025 00:04:33.020] [Server thread/WARN] [net.minecraft.server.level.ServerPlayerGameMode/]: Mismatch in destroy block pos: BlockPos{x=-456, y=-32, z=225} BlockPos{x=-457, y=-33, z=225}
[04Jan2025 00:05:20.721] [Server thread/INFO] [net.minecraft.world.entity.npc.Villager/]: Villager Villager['Villager'/16797, l='ServerLevel[world]', x=-574.20, y=89.00, z=369.25] died, message: 'Villager was slain by Door Knight'
[04Jan2025 00:06:03.273] [Server thread/WARN] [net.minecraft.server.network.ServerGamePacketListenerImpl/]: Namikaze moved wrongly!
[04Jan2025 00:06:40.273] [Server thread/WARN] [net.minecraft.server.level.ServerPlayerGameMode/]: Mismatch in destroy block pos: BlockPos{x=-437, y=-33, z=229} BlockPos{x=-437, y=-34, z=230}
[04Jan2025 00:06:40.826] [Server thread/WARN] [net.minecraft.server.level.ServerPlayerGameMode/]: Mismatch in destroy block pos: BlockPos{x=-436, y=-34, z=225} BlockPos{x=-436, y=-35, z=223}
[04Jan2025 00:06:40.880] [Server thread/WARN] [net.minecraft.server.level.ServerPlayerGameMode/]: Mismatch in destroy block pos: BlockPos{x=-436, y=-34, z=225} BlockPos{x=-436, y=-35, z=223}
[04Jan2025 00:06:40.922] [Server thread/WARN] [net.minecraft.server.level.ServerPlayerGameMode/]: Mismatch in destroy block pos: BlockPos{x=-436, y=-34, z=225} BlockPos{x=-436, y=-35, z=223}
[04Jan2025 00:06:41.000] [Server thread/WARN] [net.minecraft.server.level.ServerPlayerGameMode/]: Mismatch in destroy block pos: BlockPos{x=-436, y=-34, z=225} BlockPos{x=-436, y=-35, z=223}
[04Jan2025 00:06:41.068] [Server thread/WARN] [net.minecraft.server.level.ServerPlayerGameMode/]: Mismatch in destroy block pos: BlockPos{x=-436, y=-34, z=225} BlockPos{x=-436, y=-35, z=223}
[04Jan2025 00:06:49.432] [Server thread/WARN] [net.minecraft.server.level.ServerPlayerGameMode/]: Mismatch in destroy block pos: BlockPos{x=-433, y=-32, z=221} BlockPos{x=-433, y=-33, z=221}
[04Jan2025 00:08:11.073] [Server thread/INFO] [net.minecraft.server.MinecraftServer/]: Darkgospel has made the advancement [Knight Quest]
[04Jan2025 00:08:16.521] [Server thread/INFO] [net.minecraft.server.network.ServerLoginPacketListenerImpl/]: com.mojang.authlib.GameProfile@75cc782c[id=<null>,name=DAIRA_3,properties={},legacy=false] (/127.22.222.167:48727) lost connection: Disconnected
[04Jan2025 00:08:41.903] [Server thread/WARN] [net.minecraft.server.level.ServerPlayerGameMode/]: Mismatch in destroy block pos: BlockPos{x=-457, y=-39, z=218} BlockPos{x=-457, y=-37, z=220}
[04Jan2025 00:08:47.880] [Server thread/WARN] [net.minecraft.server.level.ServerPlayerGameMode/]: Mismatch in destroy block pos: BlockPos{x=-446, y=-38, z=219} BlockPos{x=-447, y=-38, z=221}
[04Jan2025 00:08:47.923] [Server thread/WARN] [net.minecraft.server.level.ServerPlayerGameMode/]: Mismatch in destroy block pos: BlockPos{x=-446, y=-38, z=219} BlockPos{x=-447, y=-38, z=221}
[04Jan2025 00:08:48.005] [Server thread/WARN] [net.minecraft.server.level.ServerPlayerGameMode/]: Mismatch in destroy block pos: BlockPos{x=-446, y=-38, z=221} BlockPos{x=-447, y=-38, z=221}
[04Jan2025 00:08:48.045] [Server thread/WARN] [net.minecraft.server.level.ServerPlayerGameMode/]: Mismatch in destroy block pos: BlockPos{x=-446, y=-38, z=221} BlockPos{x=-447, y=-38, z=221}
[04Jan2025 00:08:49.749] [Server thread/WARN] [net.minecraft.server.level.ServerPlayerGameMode/]: Mismatch in destroy block pos: BlockPos{x=-449, y=-38, z=219} BlockPos{x=-449, y=-39, z=220}
[04Jan2025 00:08:49.807] [Server thread/WARN] [net.minecraft.server.level.ServerPlayerGameMode/]: Mismatch in destroy block pos: BlockPos{x=-449, y=-38, z=219} BlockPos{x=-449, y=-39, z=220}
[04Jan2025 00:08:49.861] [Server thread/WARN] [net.minecraft.server.level.ServerPlayerGameMode/]: Mismatch in destroy block pos: BlockPos{x=-449, y=-38, z=219} BlockPos{x=-449, y=-39, z=220}
[04Jan2025 00:13:51.509] [Server thread/WARN] [net.minecraft.server.MinecraftServer/]: Can't keep up! Is the server overloaded? Running 2065ms or 41 ticks behind
[04Jan2025 00:18:37.230] [Server thread/WARN] [net.minecraft.server.network.ServerGamePacketListenerImpl/]: Darkgospel moved wrongly!
[04Jan2025 00:21:08.314] [Server thread/INFO] [net.minecraft.server.network.ServerLoginPacketListenerImpl/]: com.mojang.authlib.GameProfile@682e3083[id=<null>,name=DAIRA_3,properties={},legacy=false] (/127.22.222.167:47345) lost connection: Disconnected
[04Jan2025 00:21:26.230] [Server thread/INFO] [net.minecraft.server.MinecraftServer/]: [Darkgospel: Showing new title for Namikaze]
[04Jan2025 00:21:46.218] [Server thread/INFO] [net.minecraft.server.MinecraftServer/]: [Darkgospel: Showing new title for Namikaze]
[04Jan2025 00:22:31.064] [Server thread/INFO] [net.minecraft.server.MinecraftServer/]: [Darkgospel: Showing new title for 2 players]
[04Jan2025 00:22:55.432] [Server thread/INFO] [net.minecraft.server.MinecraftServer/]: [Darkgospel: Showing new actionbar title for 2 players]
[04Jan2025 00:23:07.864] [Server thread/INFO] [net.minecraft.server.MinecraftServer/]: [Darkgospel: Reset title options for 2 players]
[04Jan2025 00:23:50.039] [Server thread/INFO] [net.minecraft.server.MinecraftServer/]: [Darkgospel: Showing new title for Namikaze]
[04Jan2025 00:24:24.702] [Server thread/ERROR] [placebo/]: Failed to locate any gear sets matching the following predicates: 
[04Jan2025 00:24:24.703] [Server thread/ERROR] [placebo/]: SetPredicate[#irons_spellbooks]
[04Jan2025 00:25:19.922] [Server thread/INFO] [net.minecraft.server.players.PlayerList/]: DAIRA_3[/127.22.222.167:60045] logged in with entity id 22561 at (5.164617246703039, 84.0625, 315.4466313450299)
[04Jan2025 00:25:19.931] [Server thread/INFO] [ModdingLegacy/blue_skies/]: Sending ToolHandleTypeManager to DAIRA_3
[04Jan2025 00:25:19.933] [Server thread/INFO] [ModdingLegacy/blue_skies/]: Sending SnowcapOvenFreezingManager to DAIRA_3
[04Jan2025 00:25:19.939] [Server thread/INFO] [ModdingLegacy/blue_skies/]: Sending HorizoniteForgeFuelManager to DAIRA_3
[04Jan2025 00:25:19.941] [Server thread/INFO] [ModdingLegacy/blue_skies/]: Sending AlchemyRecipeManager to DAIRA_3
[04Jan2025 00:25:19.943] [Server thread/INFO] [ModdingLegacy/blue_skies/]: Sending JournalEntryManager to DAIRA_3
[04Jan2025 00:25:19.956] [Server thread/INFO] [ModdingLegacy/blue_skies/]: Sending JournalSectionManager to DAIRA_3
[04Jan2025 00:25:19.957] [Server thread/INFO] [ModdingLegacy/blue_skies/]: Sending JournalRequirementManager to DAIRA_3
[04Jan2025 00:25:20.064] [Server thread/INFO] [net.minecraft.server.MinecraftServer/]: DAIRA_3 joined the game
[04Jan2025 00:25:20.337] [Server thread/INFO] [net.minecraft.server.MinecraftServer/]: DAIRA_3 has made the advancement [Terramity]
[04Jan2025 00:25:53.998] [Server thread/INFO] [net.minecraft.server.network.ServerGamePacketListenerImpl/]: DAIRA_3 lost connection: Disconnected
[04Jan2025 00:25:53.999] [Server thread/INFO] [net.minecraft.server.MinecraftServer/]: DAIRA_3 left the game
[04Jan2025 00:29:19.830] [Server thread/INFO] [net.minecraft.server.MinecraftServer/]: Namikaze withered away
[04Jan2025 00:29:19.929] [Server thread/INFO] [tombstone/]: The player Namikaze has successfully been saved
[04Jan2025 00:31:49.882] [Server thread/WARN] [net.minecraft.server.level.ServerPlayerGameMode/]: Mismatch in destroy block pos: BlockPos{x=-290, y=-20, z=255} BlockPos{x=-290, y=-19, z=255}
[04Jan2025 00:33:27.742] [Server thread/INFO] [net.minecraft.server.players.PlayerList/]: DAIRA_3[/127.22.222.167:46871] logged in with entity id 24846 at (5.164617246703039, 84.0625, 315.4466313450299)
[04Jan2025 00:33:27.763] [Server thread/INFO] [ModdingLegacy/blue_skies/]: Sending ToolHandleTypeManager to DAIRA_3
[04Jan2025 00:33:27.764] [Server thread/INFO] [ModdingLegacy/blue_skies/]: Sending SnowcapOvenFreezingManager to DAIRA_3
[04Jan2025 00:33:27.764] [Server thread/INFO] [ModdingLegacy/blue_skies/]: Sending HorizoniteForgeFuelManager to DAIRA_3
[04Jan2025 00:33:27.765] [Server thread/INFO] [ModdingLegacy/blue_skies/]: Sending AlchemyRecipeManager to DAIRA_3
[04Jan2025 00:33:27.766] [Server thread/INFO] [ModdingLegacy/blue_skies/]: Sending JournalEntryManager to DAIRA_3
[04Jan2025 00:33:27.770] [Server thread/INFO] [ModdingLegacy/blue_skies/]: Sending JournalSectionManager to DAIRA_3
[04Jan2025 00:33:27.770] [Server thread/INFO] [ModdingLegacy/blue_skies/]: Sending JournalRequirementManager to DAIRA_3
[04Jan2025 00:33:27.850] [Server thread/INFO] [net.minecraft.server.MinecraftServer/]: DAIRA_3 joined the game
[04Jan2025 00:34:04.996] [Server thread/INFO] [net.minecraft.server.network.ServerGamePacketListenerImpl/]: DAIRA_3 lost connection: Disconnected
[04Jan2025 00:34:04.997] [Server thread/INFO] [net.minecraft.server.MinecraftServer/]: DAIRA_3 left the game
[04Jan2025 00:37:20.869] [Server thread/WARN] [net.minecraft.server.network.ServerGamePacketListenerImpl/]: Darkgospel moved wrongly!
[04Jan2025 00:38:09.477] [Server thread/WARN] [net.minecraft.server.network.ServerGamePacketListenerImpl/]: Darkgospel moved wrongly!
[04Jan2025 00:39:00.866] [Server thread/WARN] [net.minecraft.server.network.ServerGamePacketListenerImpl/]: Namikaze moved wrongly!
[04Jan2025 00:41:19.295] [Server thread/INFO] [net.minecraft.server.players.PlayerList/]: DAIRA_3[/127.22.222.167:48093] logged in with entity id 26763 at (5.164617246703039, 84.0625, 315.4466313450299)
[04Jan2025 00:41:19.309] [Server thread/INFO] [ModdingLegacy/blue_skies/]: Sending ToolHandleTypeManager to DAIRA_3
[04Jan2025 00:41:19.309] [Server thread/INFO] [ModdingLegacy/blue_skies/]: Sending SnowcapOvenFreezingManager to DAIRA_3
[04Jan2025 00:41:19.313] [Server thread/INFO] [ModdingLegacy/blue_skies/]: Sending HorizoniteForgeFuelManager to DAIRA_3
[04Jan2025 00:41:19.313] [Server thread/INFO] [ModdingLegacy/blue_skies/]: Sending AlchemyRecipeManager to DAIRA_3
[04Jan2025 00:41:19.316] [Server thread/INFO] [ModdingLegacy/blue_skies/]: Sending JournalEntryManager to DAIRA_3
[04Jan2025 00:41:19.322] [Server thread/INFO] [ModdingLegacy/blue_skies/]: Sending JournalSectionManager to DAIRA_3
[04Jan2025 00:41:19.328] [Server thread/INFO] [ModdingLegacy/blue_skies/]: Sending JournalRequirementManager to DAIRA_3
[04Jan2025 00:41:19.393] [Server thread/INFO] [net.minecraft.server.MinecraftServer/]: DAIRA_3 joined the game
[04Jan2025 00:41:54.981] [Server thread/INFO] [net.minecraft.server.network.ServerGamePacketListenerImpl/]: DAIRA_3 lost connection: Disconnected
[04Jan2025 00:41:54.982] [Server thread/INFO] [net.minecraft.server.MinecraftServer/]: DAIRA_3 left the game
[04Jan2025 00:43:32.171] [Server thread/INFO] [net.minecraft.server.MinecraftServer/]: Namikaze was slain by Nightmare Stalker
[04Jan2025 00:43:32.192] [Server thread/INFO] [tombstone/]: The player Namikaze has successfully been saved
[04Jan2025 00:44:31.051] [Server thread/WARN] [net.minecraft.server.MinecraftServer/]: Can't keep up! Is the server overloaded? Running 2008ms or 40 ticks behind
[04Jan2025 00:48:01.929] [Server thread/INFO] [net.minecraft.server.players.PlayerList/]: DAIRA_3[/127.22.222.167:33081] logged in with entity id 28814 at (5.164617246703039, 84.0625, 315.4466313450299)
[04Jan2025 00:48:01.930] [Server thread/INFO] [ModdingLegacy/blue_skies/]: Sending ToolHandleTypeManager to DAIRA_3
[04Jan2025 00:48:01.931] [Server thread/INFO] [ModdingLegacy/blue_skies/]: Sending SnowcapOvenFreezingManager to DAIRA_3
[04Jan2025 00:48:01.931] [Server thread/INFO] [ModdingLegacy/blue_skies/]: Sending HorizoniteForgeFuelManager to DAIRA_3
[04Jan2025 00:48:01.932] [Server thread/INFO] [ModdingLegacy/blue_skies/]: Sending AlchemyRecipeManager to DAIRA_3
[04Jan2025 00:48:01.936] [Server thread/INFO] [ModdingLegacy/blue_skies/]: Sending JournalEntryManager to DAIRA_3
[04Jan2025 00:48:01.939] [Server thread/INFO] [ModdingLegacy/blue_skies/]: Sending JournalSectionManager to DAIRA_3
[04Jan2025 00:48:01.940] [Server thread/INFO] [ModdingLegacy/blue_skies/]: Sending JournalRequirementManager to DAIRA_3
[04Jan2025 00:48:02.002] [Server thread/INFO] [net.minecraft.server.MinecraftServer/]: DAIRA_3 joined the game
[04Jan2025 00:49:07.322] [Server thread/INFO] [net.minecraft.server.MinecraftServer/]: [Darkgospel: Showing new title for DAIRA_3]
[04Jan2025 00:50:11.802] [Server thread/INFO] [net.minecraft.server.network.ServerGamePacketListenerImpl/]: DAIRA_3 lost connection: Disconnected
[04Jan2025 00:50:11.803] [Server thread/INFO] [net.minecraft.server.MinecraftServer/]: DAIRA_3 left the game
[04Jan2025 00:52:06.282] [Server thread/INFO] [net.minecraft.server.MinecraftServer/]: [Not Secure] <Darkgospel> ??????
[04Jan2025 00:52:14.064] [Server thread/INFO] [net.minecraft.server.MinecraftServer/]: [Not Secure] <Namikaze> para el piso
[04Jan2025 00:52:44.320] [Server thread/INFO] [net.minecraft.server.MinecraftServer/]: [Not Secure] <Darkgospel> algun patron o algo?
[04Jan2025 00:52:50.437] [Server thread/INFO] [net.minecraft.server.MinecraftServer/]: [Not Secure] <Namikaze> nose
[04Jan2025 00:52:54.693] [Server thread/INFO] [net.minecraft.server.MinecraftServer/]: [Not Secure] <Namikaze> ya reviso
[04Jan2025 00:54:37.636] [Server thread/INFO] [net.minecraft.server.players.PlayerList/]: DAIRA_3[/127.22.222.167:39981] logged in with entity id 29999 at (-3.0183541075225584, 84.0, 318.085816442243)
[04Jan2025 00:54:37.637] [Server thread/INFO] [ModdingLegacy/blue_skies/]: Sending ToolHandleTypeManager to DAIRA_3
[04Jan2025 00:54:37.637] [Server thread/INFO] [ModdingLegacy/blue_skies/]: Sending SnowcapOvenFreezingManager to DAIRA_3
[04Jan2025 00:54:37.637] [Server thread/INFO] [ModdingLegacy/blue_skies/]: Sending HorizoniteForgeFuelManager to DAIRA_3
[04Jan2025 00:54:37.638] [Server thread/INFO] [ModdingLegacy/blue_skies/]: Sending AlchemyRecipeManager to DAIRA_3
[04Jan2025 00:54:37.640] [Server thread/INFO] [ModdingLegacy/blue_skies/]: Sending JournalEntryManager to DAIRA_3
[04Jan2025 00:54:37.642] [Server thread/INFO] [ModdingLegacy/blue_skies/]: Sending JournalSectionManager to DAIRA_3
[04Jan2025 00:54:37.642] [Server thread/INFO] [ModdingLegacy/blue_skies/]: Sending JournalRequirementManager to DAIRA_3
[04Jan2025 00:54:37.692] [Server thread/INFO] [net.minecraft.server.MinecraftServer/]: DAIRA_3 joined the game
[04Jan2025 00:55:13.766] [Server thread/INFO] [net.minecraft.server.network.ServerGamePacketListenerImpl/]: DAIRA_3 lost connection: Disconnected
[04Jan2025 00:55:13.769] [Server thread/INFO] [net.minecraft.server.MinecraftServer/]: DAIRA_3 left the game
[04Jan2025 00:56:43.799] [Server thread/ERROR] [placebo/]: Failed to locate any gear sets matching the following predicates: 
[04Jan2025 00:56:43.800] [Server thread/ERROR] [placebo/]: SetPredicate[#irons_spellbooks]
[04Jan2025 00:58:57.538] [Server thread/INFO] [net.minecraft.server.MinecraftServer/]: [Not Secure] <Darkgospel> ya vuelvo
[04Jan2025 00:58:59.812] [Server thread/INFO] [net.minecraft.server.network.ServerGamePacketListenerImpl/]: Darkgospel lost connection: Disconnected
[04Jan2025 00:58:59.812] [Server thread/INFO] [net.minecraft.server.MinecraftServer/]: Darkgospel left the game
[04Jan2025 01:00:12.247] [Server thread/ERROR] [placebo/]: Failed to locate any gear sets matching the following predicates: 
[04Jan2025 01:00:12.248] [Server thread/ERROR] [placebo/]: SetPredicate[#irons_spellbooks]
[04Jan2025 01:01:52.776] [Server thread/WARN] [net.minecraft.server.network.ServerGamePacketListenerImpl/]: Namikaze moved wrongly!
[04Jan2025 01:01:53.029] [Server thread/WARN] [net.minecraft.server.network.ServerGamePacketListenerImpl/]: Namikaze moved wrongly!
[04Jan2025 01:01:54.633] [Server thread/WARN] [net.minecraft.server.network.ServerGamePacketListenerImpl/]: Namikaze moved wrongly!
[04Jan2025 01:01:54.869] [Server thread/WARN] [net.minecraft.server.network.ServerGamePacketListenerImpl/]: Namikaze moved wrongly!
[04Jan2025 01:02:09.733] [Server thread/INFO] [net.minecraft.server.players.PlayerList/]: DAIRA_3[/127.22.222.167:39773] logged in with entity id 31056 at (-3.0183541075225584, 84.0, 318.085816442243)
[04Jan2025 01:02:09.734] [Server thread/INFO] [ModdingLegacy/blue_skies/]: Sending ToolHandleTypeManager to DAIRA_3
[04Jan2025 01:02:09.734] [Server thread/INFO] [ModdingLegacy/blue_skies/]: Sending SnowcapOvenFreezingManager to DAIRA_3
[04Jan2025 01:02:09.735] [Server thread/INFO] [ModdingLegacy/blue_skies/]: Sending HorizoniteForgeFuelManager to DAIRA_3
[04Jan2025 01:02:09.735] [Server thread/INFO] [ModdingLegacy/blue_skies/]: Sending AlchemyRecipeManager to DAIRA_3
[04Jan2025 01:02:09.737] [Server thread/INFO] [ModdingLegacy/blue_skies/]: Sending JournalEntryManager to DAIRA_3
[04Jan2025 01:02:09.740] [Server thread/INFO] [ModdingLegacy/blue_skies/]: Sending JournalSectionManager to DAIRA_3
[04Jan2025 01:02:09.740] [Server thread/INFO] [ModdingLegacy/blue_skies/]: Sending JournalRequirementManager to DAIRA_3
[04Jan2025 01:02:09.792] [Server thread/INFO] [net.minecraft.server.MinecraftServer/]: DAIRA_3 joined the game
[04Jan2025 01:02:14.334] [Server thread/WARN] [net.minecraft.server.network.ServerGamePacketListenerImpl/]: Namikaze moved wrongly!
[04Jan2025 01:02:17.582] [Server thread/WARN] [net.minecraft.server.network.ServerGamePacketListenerImpl/]: Namikaze moved wrongly!
[04Jan2025 01:02:17.772] [Server thread/WARN] [net.minecraft.server.network.ServerGamePacketListenerImpl/]: Namikaze moved wrongly!
[04Jan2025 01:02:29.020] [Server thread/WARN] [net.minecraft.server.network.ServerGamePacketListenerImpl/]: Namikaze moved wrongly!
[04Jan2025 01:02:29.242] [Server thread/WARN] [net.minecraft.server.network.ServerGamePacketListenerImpl/]: Namikaze moved wrongly!
[04Jan2025 01:02:46.618] [Server thread/INFO] [net.minecraft.server.network.ServerGamePacketListenerImpl/]: DAIRA_3 lost connection: Disconnected
[04Jan2025 01:02:46.618] [Server thread/INFO] [net.minecraft.server.MinecraftServer/]: DAIRA_3 left the game
[04Jan2025 01:15:27.816] [Server thread/INFO] [net.minecraft.world.entity.npc.Villager/]: Villager Villager['Villager'/33411, l='ServerLevel[world]', x=-894.00, y=92.00, z=-8.50] died, message: 'Villager died'
[04Jan2025 01:17:08.366] [Server thread/INFO] [net.minecraft.server.MinecraftServer/]: Namikaze has made the advancement [Surge Protector]
[04Jan2025 01:17:51.669] [Server thread/INFO] [net.minecraft.server.MinecraftServer/]: Namikaze was corrupted by Werecat.
[04Jan2025 01:17:51.677] [Server thread/INFO] [net.minecraft.server.MinecraftServer/]: Namikaze died
[04Jan2025 01:17:51.687] [Server thread/INFO] [tombstone/]: The player Namikaze has successfully been saved
[04Jan2025 01:21:15.324] [Server thread/WARN] [net.minecraft.server.MinecraftServer/]: Can't keep up! Is the server overloaded? Running 3481ms or 69 ticks behind
[04Jan2025 01:21:26.615] [Server thread/INFO] [net.minecraft.server.MinecraftServer/]: Namikaze has made the advancement [My Name is Nobody]
[04Jan2025 01:22:03.787] [Server thread/WARN] [net.minecraft.server.network.ServerGamePacketListenerImpl/]: Namikaze moved wrongly!
[04Jan2025 01:22:05.146] [Server thread/INFO] [net.minecraft.server.MinecraftServer/]: Namikaze was slain by Fire Dragon
[04Jan2025 01:22:05.189] [Server thread/INFO] [tombstone/]: The player Namikaze has successfully been saved
[04Jan2025 01:26:14.776] [Server thread/ERROR] [placebo/]: Failed to locate any gear sets matching the following predicates: 
[04Jan2025 01:26:14.781] [Server thread/ERROR] [placebo/]: SetPredicate[#irons_spellbooks]
[04Jan2025 01:35:45.102] [Server thread/WARN] [net.minecraft.server.MinecraftServer/]: Can't keep up! Is the server overloaded? Running 2058ms or 41 ticks behind
[04Jan2025 01:40:46.699] [Server thread/ERROR] [placebo/]: Failed to locate any gear sets matching the following predicates: 
[04Jan2025 01:40:46.700] [Server thread/ERROR] [placebo/]: SetPredicate[#irons_spellbooks]
[04Jan2025 01:51:06.527] [Server thread/WARN] [net.minecraft.server.MinecraftServer/]: Can't keep up! Is the server overloaded? Running 2084ms or 41 ticks behind
[04Jan2025 01:51:57.900] [Server thread/WARN] [net.minecraft.server.MinecraftServer/]: Can't keep up! Is the server overloaded? Running 2007ms or 40 ticks behind
[04Jan2025 01:52:21.963] [Server thread/WARN] [net.minecraft.server.MinecraftServer/]: Can't keep up! Is the server overloaded? Running 9070ms or 181 ticks behind
[04Jan2025 01:52:28.859] [Worker-Main-91/WARN] [net.minecraft.world.level.levelgen.heightproviders.UniformHeight/]: Empty height range: [-55 absolute--60 absolute]
[04Jan2025 01:52:28.868] [Worker-Main-91/WARN] [net.minecraft.world.level.levelgen.heightproviders.UniformHeight/]: Empty height range: [-55 absolute--60 absolute]
[04Jan2025 01:52:28.868] [Worker-Main-91/WARN] [net.minecraft.world.level.levelgen.heightproviders.UniformHeight/]: Empty height range: [-55 absolute--60 absolute]
[04Jan2025 01:52:41.271] [Server thread/WARN] [net.minecraft.server.MinecraftServer/]: Can't keep up! Is the server overloaded? Running 4327ms or 86 ticks behind
[04Jan2025 01:53:01.327] [Server thread/WARN] [net.minecraft.server.MinecraftServer/]: Can't keep up! Is the server overloaded? Running 5084ms or 101 ticks behind
[04Jan2025 01:54:39.962] [Server thread/INFO] [net.minecraft.server.MinecraftServer/]: Namikaze was shot by Sir Pumpkinhead
[04Jan2025 01:54:39.970] [Server thread/INFO] [tombstone/]: The player Namikaze has successfully been saved
[04Jan2025 01:55:30.863] [Server thread/INFO] [net.minecraft.server.MinecraftServer/]: Namikaze has reached the goal [Pumpkin Sir]
[04Jan2025 01:57:37.606] [Server thread/INFO] [net.minecraft.server.network.ServerGamePacketListenerImpl/]: Namikaze lost connection: Disconnected
[04Jan2025 01:57:37.607] [Server thread/INFO] [net.minecraft.server.MinecraftServer/]: Namikaze left the game
[04Jan2025 01:57:48.847] [Server thread/INFO] [net.minecraft.server.players.PlayerList/]: Namikaze[/127.181.45.238:57299] logged in with entity id 43587 at (-304.2882134970524, 161.9375, 446.89271787046016)
[04Jan2025 01:57:48.852] [Server thread/INFO] [ModdingLegacy/blue_skies/]: Sending ToolHandleTypeManager to Namikaze
[04Jan2025 01:57:48.857] [Server thread/INFO] [ModdingLegacy/blue_skies/]: Sending SnowcapOvenFreezingManager to Namikaze
[04Jan2025 01:57:48.857] [Server thread/INFO] [ModdingLegacy/blue_skies/]: Sending HorizoniteForgeFuelManager to Namikaze
[04Jan2025 01:57:48.858] [Server thread/INFO] [ModdingLegacy/blue_skies/]: Sending AlchemyRecipeManager to Namikaze
[04Jan2025 01:57:48.863] [Server thread/INFO] [ModdingLegacy/blue_skies/]: Sending JournalEntryManager to Namikaze
[04Jan2025 01:57:48.870] [Server thread/INFO] [ModdingLegacy/blue_skies/]: Sending JournalSectionManager to Namikaze
[04Jan2025 01:57:48.870] [Server thread/INFO] [ModdingLegacy/blue_skies/]: Sending JournalRequirementManager to Namikaze
[04Jan2025 01:57:48.984] [Server thread/INFO] [net.minecraft.server.MinecraftServer/]: Namikaze joined the game
[04Jan2025 01:57:53.400] [Server thread/WARN] [net.minecraft.server.MinecraftServer/]: Can't keep up! Is the server overloaded? Running 2056ms or 41 ticks behind
[04Jan2025 01:58:43.104] [Server thread/INFO] [net.minecraft.server.network.ServerGamePacketListenerImpl/]: Namikaze lost connection: Disconnected
[04Jan2025 01:58:43.105] [Server thread/INFO] [net.minecraft.server.MinecraftServer/]: Namikaze left the game
[04Jan2025 01:58:53.832] [Server thread/INFO] [net.minecraft.server.players.PlayerList/]: Namikaze[/127.181.45.238:38049] logged in with entity id 43789 at (-304.2882134970524, 161.9375, 446.89271787046016)
[04Jan2025 01:58:53.835] [Server thread/INFO] [ModdingLegacy/blue_skies/]: Sending ToolHandleTypeManager to Namikaze
[04Jan2025 01:58:53.843] [Server thread/INFO] [ModdingLegacy/blue_skies/]: Sending SnowcapOvenFreezingManager to Namikaze
[04Jan2025 01:58:53.843] [Server thread/INFO] [ModdingLegacy/blue_skies/]: Sending HorizoniteForgeFuelManager to Namikaze
[04Jan2025 01:58:53.844] [Server thread/INFO] [ModdingLegacy/blue_skies/]: Sending AlchemyRecipeManager to Namikaze
[04Jan2025 01:58:53.846] [Server thread/INFO] [ModdingLegacy/blue_skies/]: Sending JournalEntryManager to Namikaze
[04Jan2025 01:58:53.854] [Server thread/INFO] [ModdingLegacy/blue_skies/]: Sending JournalSectionManager to Namikaze
[04Jan2025 01:58:53.854] [Server thread/INFO] [ModdingLegacy/blue_skies/]: Sending JournalRequirementManager to Namikaze
[04Jan2025 01:58:53.927] [Server thread/INFO] [net.minecraft.server.MinecraftServer/]: Namikaze joined the game
[04Jan2025 02:00:50.806] [Server thread/INFO] [net.minecraft.server.network.ServerGamePacketListenerImpl/]: Namikaze lost connection: Disconnected
[04Jan2025 02:00:50.807] [Server thread/INFO] [net.minecraft.server.MinecraftServer/]: Namikaze left the game
[04Jan2025 02:02:57.429] [Server thread/INFO] [net.minecraft.server.players.PlayerList/]: Namikaze[/127.181.45.238:44523] logged in with entity id 44193 at (-307.2591380271259, 162.0, 452.76249998807907)
[04Jan2025 02:02:57.430] [Server thread/INFO] [ModdingLegacy/blue_skies/]: Sending ToolHandleTypeManager to Namikaze
[04Jan2025 02:02:57.434] [Server thread/INFO] [ModdingLegacy/blue_skies/]: Sending SnowcapOvenFreezingManager to Namikaze
[04Jan2025 02:02:57.440] [Server thread/INFO] [ModdingLegacy/blue_skies/]: Sending HorizoniteForgeFuelManager to Namikaze
[04Jan2025 02:02:57.440] [Server thread/INFO] [ModdingLegacy/blue_skies/]: Sending AlchemyRecipeManager to Namikaze
[04Jan2025 02:02:57.446] [Server thread/INFO] [ModdingLegacy/blue_skies/]: Sending JournalEntryManager to Namikaze
[04Jan2025 02:02:57.448] [Server thread/INFO] [ModdingLegacy/blue_skies/]: Sending JournalSectionManager to Namikaze
[04Jan2025 02:02:57.449] [Server thread/INFO] [ModdingLegacy/blue_skies/]: Sending JournalRequirementManager to Namikaze
[04Jan2025 02:02:57.500] [Server thread/INFO] [net.minecraft.server.MinecraftServer/]: Namikaze joined the game
[04Jan2025 02:04:41.861] [Server thread/WARN] [net.minecraft.server.network.ServerGamePacketListenerImpl/]: Namikaze moved wrongly!
[04Jan2025 02:06:05.697] [Server thread/ERROR] [placebo/]: Failed to locate any gear sets matching the following predicates: 
[04Jan2025 02:06:05.699] [Server thread/ERROR] [placebo/]: SetPredicate[#irons_spellbooks]
